2024-12-11 02:59:27,028 - main - INFO - 服务启动，日志文件: logs/app_20241211_025927.log
2024-12-11 02:59:27,031 - uvicorn.error - INFO - Started server process [284824]
2024-12-11 02:59:27,032 - uvicorn.error - INFO - Waiting for application startup.
2024-12-11 02:59:27,032 - uvicorn.error - INFO - Application startup complete.
2024-12-11 02:59:31,192 - uvicorn.access - INFO - 127.0.0.1:42500 - "GET / HTTP/1.1" 200
2024-12-11 02:59:32,863 - uvicorn.error - INFO - ('127.0.0.1', 42524) - "WebSocket /ws" [accepted]
2024-12-11 02:59:32,864 - main - INFO - WebSocket connection accepted
2024-12-11 02:59:32,864 - uvicorn.error - INFO - connection open
2024-12-11 02:59:33,680 - main - INFO - 音频信息: 采样率=16000Hz, 样本数=4096, 平均音量=1827.56
2024-12-11 02:59:33,940 - main - INFO - 音频信息: 采样率=16000Hz, 样本数=4096, 平均音量=2309.06
2024-12-11 02:59:34,450 - main - INFO - 音频信息: 采样率=16000Hz, 样本数=4096, 平均音量=1217.21
2024-12-11 02:59:34,960 - main - INFO - 音频信息: 采样率=16000Hz, 样本数=4096, 平均音量=1076.78
2024-12-11 02:59:35,220 - main - INFO - 音频信息: 采样率=16000Hz, 样本数=4096, 平均音量=916.07
2024-12-11 02:59:35,480 - main - INFO - 音频信息: 采样率=16000Hz, 样本数=4096, 平均音量=650.15
2024-12-11 02:59:35,730 - main - INFO - 音频信息: 采样率=16000Hz, 样本数=4096, 平均音量=727.39
2024-12-11 02:59:35,990 - main - INFO - 音频信息: 采样率=16000Hz, 样本数=4096, 平均音量=4740.41
2024-12-11 02:59:35,990 - main - INFO - 合并音频数据: 32768 样本
2024-12-11 02:59:35,990 - main - INFO - 音频统计: 平均音量=1683.08, 最大音量=32767.00
2024-12-11 02:59:35,991 - main - INFO - 保存累积音频数据: outputs/temp_1733882375.raw, 时长: 2.05秒
2024-12-11 02:59:36,016 - main - INFO - 处理结果: []
2024-12-11 02:59:36,017 - main - INFO - 发送空结果消息
2024-12-11 02:59:36,017 - main - INFO - Cleaned up outputs/temp_1733882375.raw
2024-12-11 02:59:36,240 - main - INFO - 音频信息: 采样率=16000Hz, 样本数=4096, 平均音量=8504.55
2024-12-11 02:59:36,760 - main - INFO - 音频信息: 采样率=16000Hz, 样本数=4096, 平均音量=923.78
2024-12-11 02:59:37,010 - main - INFO - 音频信息: 采样率=16000Hz, 样本数=4096, 平均音量=1270.82
2024-12-11 02:59:44,950 - main - INFO - 音频信息: 采样率=16000Hz, 样本数=4096, 平均音量=1341.58
2024-12-11 02:59:45,199 - main - INFO - 音频信息: 采样率=16000Hz, 样本数=4096, 平均音量=894.83
2024-12-11 02:59:45,969 - main - INFO - 音频信息: 采样率=16000Hz, 样本数=4096, 平均音量=1622.01
2024-12-11 02:59:46,229 - main - INFO - 音频信息: 采样率=16000Hz, 样本数=4096, 平均音量=3437.35
2024-12-11 02:59:46,740 - main - INFO - 音频信息: 采样率=16000Hz, 样本数=4096, 平均音量=1594.62
2024-12-11 02:59:46,740 - main - INFO - 合并音频数据: 32768 样本
2024-12-11 02:59:46,740 - main - INFO - 音频统计: 平均音量=2448.69, 最大音量=32651.00
2024-12-11 02:59:46,741 - main - INFO - 保存累积音频数据: outputs/temp_1733882386.raw, 时长: 2.05秒
2024-12-11 02:59:46,767 - main - INFO - 处理结果: []
2024-12-11 02:59:46,768 - main - INFO - 发送空结果消息
2024-12-11 02:59:46,768 - main - INFO - Cleaned up outputs/temp_1733882386.raw
2024-12-11 02:59:46,999 - main - INFO - 音频信息: 采样率=16000Hz, 样本数=4096, 平均音量=1016.02
2024-12-11 02:59:47,249 - main - INFO - 音频信息: 采样率=16000Hz, 样本数=4096, 平均音量=1748.35
2024-12-11 02:59:47,510 - main - INFO - 音频信息: 采样率=16000Hz, 样本数=4096, 平均音量=1314.56
2024-12-11 02:59:47,759 - main - INFO - 音频信息: 采样率=16000Hz, 样本数=4096, 平均音量=1023.97
2024-12-11 02:59:48,020 - main - INFO - 音频信息: 采样率=16000Hz, 样本数=4096, 平均音量=2158.33
2024-12-11 02:59:48,280 - main - INFO - 音频信息: 采样率=16000Hz, 样本数=4096, 平均音量=1033.58
2024-12-11 02:59:50,069 - main - INFO - 音频信息: 采样率=16000Hz, 样本数=4096, 平均音量=1695.31
2024-12-11 02:59:50,319 - main - INFO - 音频信息: 采样率=16000Hz, 样本数=4096, 平均音量=1892.65
2024-12-11 02:59:50,320 - main - INFO - 合并音频数据: 32768 样本
2024-12-11 02:59:50,320 - main - INFO - 音频统计: 平均音量=1485.35, 最大音量=30229.00
2024-12-11 02:59:50,320 - main - INFO - 保存累积音频数据: outputs/temp_1733882390.raw, 时长: 2.05秒
2024-12-11 02:59:50,343 - main - INFO - 处理结果: []
2024-12-11 02:59:50,344 - main - INFO - 发送空结果消息
2024-12-11 02:59:50,344 - main - INFO - Cleaned up outputs/temp_1733882390.raw
2024-12-11 02:59:50,579 - main - INFO - 音频信息: 采样率=16000Hz, 样本数=4096, 平均音量=1099.76
2024-12-11 02:59:50,839 - main - INFO - 音频信息: 采样率=16000Hz, 样本数=4096, 平均音量=2093.82
2024-12-11 02:59:51,089 - main - INFO - 音频信息: 采样率=16000Hz, 样本数=4096, 平均音量=3239.22
2024-12-11 02:59:51,350 - main - INFO - 音频信息: 采样率=16000Hz, 样本数=4096, 平均音量=1976.28
2024-12-11 02:59:53,649 - main - INFO - 音频信息: 采样率=16000Hz, 样本数=4096, 平均音量=1224.97
2024-12-11 02:59:53,910 - main - INFO - 音频信息: 采样率=16000Hz, 样本数=4096, 平均音量=4012.70
2024-12-11 02:59:54,159 - main - INFO - 音频信息: 采样率=16000Hz, 样本数=4096, 平均音量=1613.00
2024-12-11 02:59:54,419 - main - INFO - 音频信息: 采样率=16000Hz, 样本数=4096, 平均音量=1471.64
2024-12-11 02:59:54,420 - main - INFO - 合并音频数据: 32768 样本
2024-12-11 02:59:54,420 - main - INFO - 音频统计: 平均音量=2091.42, 最大音量=29177.00
2024-12-11 02:59:54,420 - main - INFO - 保存累积音频数据: outputs/temp_1733882394.raw, 时长: 2.05秒
2024-12-11 02:59:54,444 - main - INFO - 处理结果: []
2024-12-11 02:59:54,445 - main - INFO - 发送空结果消息
2024-12-11 02:59:54,445 - main - INFO - Cleaned up outputs/temp_1733882394.raw
2024-12-11 02:59:54,680 - main - INFO - 音频信息: 采样率=16000Hz, 样本数=4096, 平均音量=1010.13
2024-12-11 02:59:56,469 - main - INFO - 音频信息: 采样率=16000Hz, 样本数=4096, 平均音量=560.90
2024-12-11 03:00:34,610 - main - INFO - 音频信息: 采样率=16000Hz, 样本数=4096, 平均音量=1370.11
2024-12-11 03:00:34,870 - main - INFO - 音频信息: 采样率=16000Hz, 样本数=4096, 平均音量=677.86
2024-12-11 03:00:35,120 - main - INFO - 音频信息: 采样率=16000Hz, 样本数=4096, 平均音量=713.94
2024-12-11 03:00:36,920 - main - INFO - 音频信息: 采样率=16000Hz, 样本数=4096, 平均音量=7422.12
2024-12-11 03:00:37,175 - main - INFO - 音频信息: 采样率=16000Hz, 样本数=4096, 平均音量=9932.53
2024-12-11 03:00:37,429 - main - INFO - 音频信息: 采样率=16000Hz, 样本数=4096, 平均音量=7560.78
2024-12-11 03:00:37,430 - main - INFO - 合并音频数据: 32768 样本
2024-12-11 03:00:37,430 - main - INFO - 音频统计: 平均音量=3656.05, 最大音量=32767.00
2024-12-11 03:00:37,430 - main - INFO - 保存累积音频数据: outputs/temp_1733882437.raw, 时长: 2.05秒
2024-12-11 03:00:37,454 - main - INFO - 处理结果: []
2024-12-11 03:00:37,454 - main - INFO - 发送空结果消息
2024-12-11 03:00:37,455 - main - INFO - Cleaned up outputs/temp_1733882437.raw
2024-12-11 03:00:37,681 - main - INFO - 音频信息: 采样率=16000Hz, 样本数=4096, 平均音量=6481.88
2024-12-11 03:00:37,941 - main - INFO - 音频信息: 采样率=16000Hz, 样本数=4096, 平均音量=2734.56
2024-12-11 03:00:39,990 - main - INFO - 音频信息: 采样率=16000Hz, 样本数=4096, 平均音量=630.53
2024-12-11 03:00:40,241 - main - INFO - 音频信息: 采样率=16000Hz, 样本数=4096, 平均音量=899.38
2024-12-11 03:00:40,501 - main - INFO - 音频信息: 采样率=16000Hz, 样本数=4096, 平均音量=914.76
2024-12-11 03:00:48,440 - main - INFO - 音频信息: 采样率=16000Hz, 样本数=4096, 平均音量=1028.19
2024-12-11 03:01:46,560 - main - INFO - 音频信息: 采样率=16000Hz, 样本数=4096, 平均音量=950.98
2024-12-11 03:04:49,494 - uvicorn.error - INFO - Shutting down
2024-12-11 03:04:49,495 - main - INFO - WebSocket disconnected in audio processing
2024-12-11 03:04:49,495 - main - INFO - 音频处理任务结束
2024-12-11 03:04:49,495 - uvicorn.error - INFO - connection closed
2024-12-11 03:04:49,495 - main - ERROR - 关闭WebSocket连接出错: Unexpected ASGI message 'websocket.close', after sending 'websocket.close' or response already completed.
2024-12-11 03:04:49,595 - uvicorn.error - INFO - Waiting for application shutdown.
2024-12-11 03:04:49,596 - main - INFO - Application shutting down
2024-12-11 03:04:49,596 - uvicorn.error - INFO - Application shutdown complete.
2024-12-11 03:04:49,596 - uvicorn.error - INFO - Finished server process [284824]
