2024-12-11 02:55:06,038 - __mp_main__ - INFO - 服务启动，日志文件: logs/app_20241211_025506.log
2024-12-11 02:55:06,064 - main - INFO - 服务启动，日志文件: logs/app_20241211_025506.log
2024-12-11 02:55:06,069 - uvicorn.error - INFO - Started server process [281885]
2024-12-11 02:55:06,069 - uvicorn.error - INFO - Waiting for application startup.
2024-12-11 02:55:06,069 - uvicorn.error - INFO - Application startup complete.
2024-12-11 02:55:08,871 - uvicorn.access - INFO - 127.0.0.1:54452 - "GET / HTTP/1.1" 200
2024-12-11 02:55:10,403 - uvicorn.error - INFO - ('127.0.0.1', 54464) - "WebSocket /ws" [accepted]
2024-12-11 02:55:10,404 - main - INFO - WebSocket connection accepted
2024-12-11 02:55:10,404 - uvicorn.error - INFO - connection open
2024-12-11 02:55:10,957 - main - INFO - 音频信息: 采样率=16000Hz, 样本数=4096, 平均音量=1951.40
2024-12-11 02:55:11,217 - main - INFO - 音频信息: 采样率=16000Hz, 样本数=4096, 平均音量=2013.18
2024-12-11 02:55:11,477 - main - INFO - 音频信息: 采样率=16000Hz, 样本数=4096, 平均音量=835.36
2024-12-11 02:55:11,727 - main - INFO - 音频信息: 采样率=16000Hz, 样本数=4096, 平均音量=993.51
2024-12-11 02:55:11,727 - main - INFO - 保存累积音频数据: outputs/temp_1733882111.raw, 时长: 1.02秒
2024-12-11 02:55:11,736 - main - INFO - 处理结果: []
2024-12-11 02:55:11,737 - main - INFO - 发送空结果消息
2024-12-11 02:55:11,737 - main - INFO - Cleaned up outputs/temp_1733882111.raw
2024-12-11 02:55:11,987 - main - INFO - 音频信息: 采样率=16000Hz, 样本数=4096, 平均音量=1233.64
2024-12-11 02:55:12,237 - main - INFO - 音频信息: 采样率=16000Hz, 样本数=4096, 平均音量=771.74
2024-12-11 02:55:12,496 - main - INFO - 音频信息: 采样率=16000Hz, 样本数=4096, 平均音量=1063.22
2024-12-11 02:55:12,756 - main - INFO - 音频信息: 采样率=16000Hz, 样本数=4096, 平均音量=2924.37
2024-12-11 02:55:12,757 - main - INFO - 保存累积音频数据: outputs/temp_1733882112.raw, 时长: 1.02秒
2024-12-11 02:55:12,767 - main - INFO - 处理结果: []
2024-12-11 02:55:12,768 - main - INFO - 发送空结果消息
2024-12-11 02:55:12,768 - main - INFO - Cleaned up outputs/temp_1733882112.raw
2024-12-11 02:55:13,007 - main - INFO - 音频信息: 采样率=16000Hz, 样本数=4096, 平均音量=6200.56
2024-12-11 02:55:13,267 - main - INFO - 音频信息: 采样率=16000Hz, 样本数=4096, 平均音量=4335.67
2024-12-11 02:55:13,777 - main - INFO - 音频信息: 采样率=16000Hz, 样本数=4096, 平均音量=2280.59
2024-12-11 02:55:14,037 - main - INFO - 音频信息: 采样率=16000Hz, 样本数=4096, 平均音量=2319.29
2024-12-11 02:55:14,037 - main - INFO - 保存累积音频数据: outputs/temp_1733882114.raw, 时长: 1.02秒
2024-12-11 02:55:14,045 - main - INFO - 处理结果: []
2024-12-11 02:55:14,046 - main - INFO - 发送空结果消息
2024-12-11 02:55:14,046 - main - INFO - Cleaned up outputs/temp_1733882114.raw
2024-12-11 02:55:14,287 - main - INFO - 音频信息: 采样率=16000Hz, 样本数=4096, 平均音量=2187.62
2024-12-11 02:55:14,546 - main - INFO - 音频信息: 采样率=16000Hz, 样本数=4096, 平均音量=1884.89
2024-12-11 02:55:14,796 - main - INFO - 音频信息: 采样率=16000Hz, 样本数=4096, 平均音量=1154.88
2024-12-11 02:55:15,827 - main - INFO - 音频信息: 采样率=16000Hz, 样本数=4096, 平均音量=932.66
2024-12-11 02:55:15,827 - main - INFO - 保存累积音频数据: outputs/temp_1733882115.raw, 时长: 1.02秒
2024-12-11 02:55:15,835 - main - INFO - 处理结果: []
2024-12-11 02:55:15,836 - main - INFO - 发送空结果消息
2024-12-11 02:55:15,836 - main - INFO - Cleaned up outputs/temp_1733882115.raw
2024-12-11 02:55:16,077 - main - INFO - 音频信息: 采样率=16000Hz, 样本数=4096, 平均音量=2969.03
2024-12-11 02:55:16,337 - main - INFO - 音频信息: 采样率=16000Hz, 样本数=4096, 平均音量=1848.03
2024-12-11 02:55:16,596 - main - INFO - 音频信息: 采样率=16000Hz, 样本数=4096, 平均音量=1456.84
2024-12-11 02:55:16,846 - main - INFO - 音频信息: 采样率=16000Hz, 样本数=4096, 平均音量=531.60
2024-12-11 02:55:16,847 - main - INFO - 保存累积音频数据: outputs/temp_1733882116.raw, 时长: 1.02秒
2024-12-11 02:55:16,855 - main - INFO - 处理结果: []
2024-12-11 02:55:16,856 - main - INFO - 发送空结果消息
2024-12-11 02:55:16,856 - main - INFO - Cleaned up outputs/temp_1733882116.raw
2024-12-11 02:55:17,106 - main - INFO - 音频信息: 采样率=16000Hz, 样本数=4096, 平均音量=845.13
2024-12-11 02:55:17,357 - main - INFO - 音频信息: 采样率=16000Hz, 样本数=4096, 平均音量=1589.87
2024-12-11 02:55:22,233 - uvicorn.error - INFO - Shutting down
2024-12-11 02:55:22,234 - main - INFO - WebSocket disconnected in audio processing
2024-12-11 02:55:22,235 - main - INFO - 音频处理任务结束
2024-12-11 02:55:22,235 - uvicorn.error - INFO - connection closed
2024-12-11 02:55:22,235 - main - ERROR - 关闭WebSocket连接出错: Unexpected ASGI message 'websocket.close', after sending 'websocket.close' or response already completed.
2024-12-11 02:55:22,335 - uvicorn.error - INFO - Waiting for application shutdown.
2024-12-11 02:55:22,335 - main - INFO - Application shutting down
2024-12-11 02:55:22,335 - uvicorn.error - INFO - Application shutdown complete.
2024-12-11 02:55:22,335 - uvicorn.error - INFO - Finished server process [281885]
